2026-06-18 04:16:00.734 [info] Reading sessions from keychain...
2026-06-18 04:16:00.734 [info] Got stored sessions!
2026-06-18 04:16:00.734 [info] Got 1 verified sessions.
2026-06-18 04:16:00.734 [info] Getting sessions for all scopes...
2026-06-18 04:16:00.734 [info] Got 1 sessions for ...
2026-06-18 04:16:00.734 [info] Getting sessions for all scopes...
2026-06-18 04:16:00.734 [info] Got 1 sessions for ...
2026-06-18 04:16:00.734 [info] Getting sessions for all scopes...
2026-06-18 04:16:00.734 [info] Got 1 sessions for ...
2026-06-18 04:16:00.734 [info] Getting sessions for all scopes...
2026-06-18 04:16:00.734 [info] Got 1 sessions for ...
2026-06-18 04:16:01.602 [info] Getting sessions for all scopes...
2026-06-18 04:16:01.602 [info] Got 1 sessions for ...
2026-06-18 04:16:01.603 [info] Getting sessions for all scopes...
2026-06-18 04:16:01.603 [info] Got 1 sessions for ...
2026-06-18 04:16:01.604 [info] Getting sessions for all scopes...
2026-06-18 04:16:01.604 [info] Got 1 sessions for ...
2026-06-18 04:16:03.737 [info] Getting sessions for read:user,repo,user:email,workflow...
2026-06-18 04:16:03.737 [info] Got 1 sessions for read:user,repo,user:email,workflow...
2026-06-18 04:16:04.534 [info] FetcherService: Electron fetch failed with status: 429 
2026-06-18 04:16:04.589 [info] Unable to resolve optional EDU details. Status: 429 
2026-06-18 04:16:11.287 [info] Getting sessions for all scopes...
2026-06-18 04:16:11.297 [info] Got 1 sessions for ...
2026-06-18 04:16:11.301 [info] Getting sessions for all scopes...
2026-06-18 04:16:11.302 [info] Got 1 sessions for ...
2026-06-18 04:16:11.305 [info] Getting sessions for all scopes...
2026-06-18 04:16:11.305 [info] Got 1 sessions for ...
2026-06-18 04:16:11.306 [info] Getting sessions for all scopes...
2026-06-18 04:16:11.306 [info] Got 1 sessions for ...
