2026-06-17 04:58:24.324 [info] Reading sessions from keychain...
2026-06-17 04:58:24.324 [info] Getting sessions for all scopes...
2026-06-17 04:58:24.435 [info] Got 0 sessions for ...
2026-06-17 04:58:24.436 [info] Getting sessions for all scopes...
2026-06-17 04:58:24.436 [info] Got 0 sessions for ...
2026-06-17 04:58:24.436 [info] Getting sessions for all scopes...
2026-06-17 04:58:24.437 [info] Got 0 sessions for ...
2026-06-17 04:58:24.458 [info] Getting sessions for all scopes...
2026-06-17 04:58:24.461 [info] Got 0 sessions for ...
2026-06-17 04:58:24.848 [info] Getting sessions for all scopes...
2026-06-17 04:58:24.848 [info] Got 0 sessions for ...
2026-06-17 04:58:27.573 [info] Getting sessions for all scopes...
2026-06-17 04:58:27.574 [info] Got 0 sessions for ...
2026-06-17 04:58:30.690 [info] Logging in with 'any' account...
2026-06-17 04:58:30.690 [info] Logging in for the following scopes: read:user repo user:email workflow
2026-06-17 04:58:30.871 [info] Trying with local server... (read:user repo user:email workflow)
2026-06-17 04:59:10.508 [error] User Cancelled
2026-06-17 04:59:16.098 [info] Trying without local server... (read:user repo user:email workflow)
2026-06-17 05:00:04.649 [info] Exchanging code for token...
2026-06-17 05:00:05.217 [info] Token exchange success!
2026-06-17 05:00:05.220 [info] Getting user info...
2026-06-17 05:00:06.022 [info] Got account info!
2026-06-17 05:00:06.024 [info] Storing 1 sessions...
2026-06-17 05:00:07.169 [info] FetcherService: Electron fetch failed with status: 429 
2026-06-17 05:00:07.169 [info] Unable to resolve optional EDU details. Status: 429 
2026-06-17 05:00:18.214 [info] Reading sessions from keychain...
2026-06-17 05:00:18.214 [info] Stored 1 sessions!
2026-06-17 05:00:18.214 [info] Login success!
2026-06-17 05:00:18.225 [info] Got stored sessions!
2026-06-17 05:00:18.225 [info] Got 1 verified sessions.
2026-06-17 05:00:18.325 [info] Getting sessions for all scopes...
2026-06-17 05:00:18.325 [info] Got 1 sessions for ...
2026-06-17 05:00:18.326 [info] Getting sessions for all scopes...
2026-06-17 05:00:18.326 [info] Got 1 sessions for ...
2026-06-17 05:00:30.128 [info] Getting sessions for all scopes...
2026-06-17 05:00:30.128 [info] Got 1 sessions for ...
2026-06-17 05:00:30.137 [info] Getting sessions for all scopes...
2026-06-17 05:00:30.137 [info] Got 1 sessions for ...
2026-06-17 05:00:30.142 [info] Getting sessions for all scopes...
2026-06-17 05:00:30.142 [info] Got 1 sessions for ...
2026-06-17 05:00:30.142 [info] Getting sessions for all scopes...
2026-06-17 05:00:30.143 [info] Got 1 sessions for ...
2026-06-17 05:00:30.280 [info] Getting sessions for read:user,repo,user:email,workflow...
2026-06-17 05:00:30.281 [info] Got 1 sessions for read:user,repo,user:email,workflow...
2026-06-17 05:00:30.328 [info] Getting sessions for all scopes...
2026-06-17 05:00:30.328 [info] Got 1 sessions for ...
2026-06-17 05:00:30.331 [info] Getting sessions for read:user,repo,user:email,workflow...
2026-06-17 05:00:30.331 [info] Got 1 sessions for read:user,repo,user:email,workflow...
2026-06-17 05:00:32.257 [info] Getting sessions for all scopes...
2026-06-17 05:00:32.257 [info] Got 1 sessions for ...
2026-06-17 05:00:32.259 [info] Getting sessions for all scopes...
2026-06-17 05:00:32.259 [info] Got 1 sessions for ...
2026-06-17 05:00:32.387 [info] Getting sessions for read:user,repo,user:email,workflow...
2026-06-17 05:00:32.388 [info] Got 1 sessions for read:user,repo,user:email,workflow...
2026-06-17 05:00:32.863 [info] Getting sessions for all scopes...
2026-06-17 05:00:32.863 [info] Got 1 sessions for ...
2026-06-17 05:00:32.863 [info] Getting sessions for all scopes...
2026-06-17 05:00:32.864 [info] Got 1 sessions for ...
2026-06-17 05:00:32.939 [info] Getting sessions for read:user,repo,user:email,workflow...
2026-06-17 05:00:32.939 [info] Got 1 sessions for read:user,repo,user:email,workflow...
2026-06-17 05:00:33.141 [info] Getting sessions for all scopes...
2026-06-17 05:00:33.141 [info] Got 1 sessions for ...
2026-06-17 05:00:33.142 [info] Getting sessions for read:user,repo,user:email,workflow...
2026-06-17 05:00:33.142 [info] Got 1 sessions for read:user,repo,user:email,workflow...
2026-06-17 05:00:33.243 [info] Getting sessions for all scopes...
2026-06-17 05:00:33.243 [info] Got 1 sessions for ...
2026-06-17 05:00:33.247 [info] Getting sessions for read:user,repo,user:email,workflow...
2026-06-17 05:00:33.247 [info] Got 1 sessions for read:user,repo,user:email,workflow...
2026-06-17 05:00:33.354 [info] Getting sessions for all scopes...
2026-06-17 05:00:33.358 [info] Got 1 sessions for ...
2026-06-17 05:00:33.364 [info] Getting sessions for read:user,repo,user:email,workflow...
2026-06-17 05:00:33.364 [info] Got 1 sessions for read:user,repo,user:email,workflow...
2026-06-17 05:00:33.809 [info] Getting sessions for all scopes...
2026-06-17 05:00:33.809 [info] Got 1 sessions for ...
2026-06-17 05:00:33.824 [info] Getting sessions for read:user,repo,user:email,workflow...
2026-06-17 05:00:33.824 [info] Got 1 sessions for read:user,repo,user:email,workflow...
2026-06-17 05:00:34.431 [info] Getting sessions for all scopes...
2026-06-17 05:00:34.431 [info] Got 1 sessions for ...
2026-06-17 05:00:34.433 [info] Getting sessions for read:user,repo,user:email,workflow...
2026-06-17 05:00:34.433 [info] Got 1 sessions for read:user,repo,user:email,workflow...
2026-06-17 05:00:35.646 [info] Getting sessions for all scopes...
2026-06-17 05:00:35.646 [info] Got 1 sessions for ...
2026-06-17 05:00:35.649 [info] Getting sessions for all scopes...
2026-06-17 05:00:35.649 [info] Got 1 sessions for ...
2026-06-17 05:00:41.503 [info] Getting sessions for all scopes...
2026-06-17 05:00:41.503 [info] Got 1 sessions for ...
2026-06-17 05:00:41.506 [info] Getting sessions for all scopes...
2026-06-17 05:00:41.506 [info] Got 1 sessions for ...
