2026-06-17 05:10:43.231 [info] Reading sessions from keychain...
2026-06-17 05:10:43.231 [info] Got stored sessions!
2026-06-17 05:10:43.231 [info] Got 1 verified sessions.
2026-06-17 05:10:43.231 [info] Getting sessions for all scopes...
2026-06-17 05:10:43.231 [info] Got 1 sessions for ...
2026-06-17 05:10:43.231 [info] Getting sessions for all scopes...
2026-06-17 05:10:43.231 [info] Got 1 sessions for ...
2026-06-17 05:10:43.231 [info] Getting sessions for all scopes...
2026-06-17 05:10:43.231 [info] Got 1 sessions for ...
2026-06-17 05:10:43.231 [info] Getting sessions for all scopes...
2026-06-17 05:10:43.231 [info] Got 1 sessions for ...
2026-06-17 05:10:43.231 [info] Getting sessions for all scopes...
2026-06-17 05:10:43.231 [info] Got 1 sessions for ...
2026-06-17 05:10:43.231 [info] Getting sessions for all scopes...
2026-06-17 05:10:43.231 [info] Got 1 sessions for ...
2026-06-17 05:10:43.231 [info] Getting sessions for all scopes...
2026-06-17 05:10:43.231 [info] Got 1 sessions for ...
2026-06-17 05:10:43.231 [info] Getting sessions for read:user,repo,user:email,workflow...
2026-06-17 05:10:43.231 [info] Got 1 sessions for read:user,repo,user:email,workflow...
2026-06-17 05:10:43.568 [info] Getting sessions for all scopes...
2026-06-17 05:10:43.569 [info] Got 1 sessions for ...
2026-06-17 05:10:43.574 [info] Getting sessions for read:user,repo,user:email,workflow...
2026-06-17 05:10:43.574 [info] Got 1 sessions for read:user,repo,user:email,workflow...
2026-06-17 05:10:54.933 [info] Getting sessions for all scopes...
2026-06-17 05:10:54.933 [info] Got 1 sessions for ...
2026-06-17 05:10:54.934 [info] Getting sessions for all scopes...
2026-06-17 05:10:54.934 [info] Got 1 sessions for ...
2026-06-17 05:10:54.985 [info] Getting sessions for read:user,repo,user:email,workflow...
2026-06-17 05:10:54.985 [info] Got 1 sessions for read:user,repo,user:email,workflow...
2026-06-17 05:11:15.571 [info] FetcherService: Electron fetch failed with error: net::ERR_NAME_NOT_RESOLVED
2026-06-17 05:11:26.044 [info] FetcherService: Node fetch failed with error: fetch failed
2026-06-17 05:11:27.763 [info] Getting sessions for all scopes...
2026-06-17 05:11:27.763 [info] Got 1 sessions for ...
2026-06-17 05:11:27.767 [info] Getting sessions for read:user,repo,user:email,workflow...
2026-06-17 05:11:27.767 [info] Got 1 sessions for read:user,repo,user:email,workflow...
2026-06-17 05:11:58.506 [info] Getting sessions for all scopes...
2026-06-17 05:11:58.506 [info] Got 1 sessions for ...
2026-06-17 05:11:58.512 [info] Getting sessions for read:user,repo,user:email,workflow...
2026-06-17 05:11:58.512 [info] Got 1 sessions for read:user,repo,user:email,workflow...
2026-06-17 05:12:07.695 [info] FetcherService: Node http/s failed with error: getaddrinfo EAI_AGAIN education.github.com
2026-06-17 05:12:07.711 [info] Unable to resolve optional EDU details. Error: Error: net::ERR_NAME_NOT_RESOLVED
2026-06-18 03:58:03.539 [info] Getting sessions for all scopes...
2026-06-18 03:58:03.539 [info] Got 1 sessions for ...
2026-06-18 03:58:03.543 [info] Getting sessions for all scopes...
2026-06-18 03:58:03.543 [info] Got 1 sessions for ...
2026-06-18 03:58:04.535 [info] Getting sessions for all scopes...
2026-06-18 03:58:04.535 [info] Got 1 sessions for ...
2026-06-18 03:58:04.549 [info] Getting sessions for read:user,repo,user:email,workflow...
2026-06-18 03:58:04.549 [info] Got 1 sessions for read:user,repo,user:email,workflow...
2026-06-18 03:58:05.638 [info] Getting sessions for all scopes...
2026-06-18 03:58:05.638 [info] Got 1 sessions for ...
2026-06-18 03:58:05.640 [info] Getting sessions for all scopes...
2026-06-18 03:58:05.640 [info] Got 1 sessions for ...
2026-06-18 03:58:05.647 [info] Getting sessions for read:user,repo,user:email,workflow...
2026-06-18 03:58:05.647 [info] Got 1 sessions for read:user,repo,user:email,workflow...
2026-06-18 03:58:06.101 [info] Getting sessions for all scopes...
2026-06-18 03:58:06.101 [info] Got 1 sessions for ...
2026-06-18 03:58:06.102 [info] Getting sessions for all scopes...
2026-06-18 03:58:06.102 [info] Got 1 sessions for ...
2026-06-18 03:58:06.264 [info] Getting sessions for read:user,repo,user:email,workflow...
2026-06-18 03:58:06.264 [info] Got 1 sessions for read:user,repo,user:email,workflow...
2026-06-18 03:58:06.411 [info] Getting sessions for all scopes...
2026-06-18 03:58:06.411 [info] Got 1 sessions for ...
2026-06-18 03:58:06.431 [info] Getting sessions for read:user,repo,user:email,workflow...
2026-06-18 03:58:06.431 [info] Got 1 sessions for read:user,repo,user:email,workflow...
2026-06-18 03:58:06.712 [info] Getting sessions for all scopes...
2026-06-18 03:58:06.712 [info] Got 1 sessions for ...
2026-06-18 03:58:06.717 [info] Getting sessions for read:user,repo,user:email,workflow...
2026-06-18 03:58:06.717 [info] Got 1 sessions for read:user,repo,user:email,workflow...
2026-06-18 03:58:07.026 [info] Getting sessions for all scopes...
2026-06-18 03:58:07.026 [info] Got 1 sessions for ...
2026-06-18 03:58:07.083 [info] Getting sessions for read:user,repo,user:email,workflow...
2026-06-18 03:58:07.083 [info] Got 1 sessions for read:user,repo,user:email,workflow...
2026-06-18 03:58:07.108 [info] Getting sessions for all scopes...
2026-06-18 03:58:07.108 [info] Got 1 sessions for ...
2026-06-18 03:58:07.121 [info] Getting sessions for read:user,repo,user:email,workflow...
2026-06-18 03:58:07.121 [info] Got 1 sessions for read:user,repo,user:email,workflow...
2026-06-18 03:58:08.170 [info] Getting sessions for all scopes...
2026-06-18 03:58:08.170 [info] Got 1 sessions for ...
2026-06-18 03:58:08.204 [info] Getting sessions for read:user,repo,user:email,workflow...
2026-06-18 03:58:08.204 [info] Got 1 sessions for read:user,repo,user:email,workflow...
2026-06-18 03:58:09.467 [info] Getting sessions for all scopes...
2026-06-18 03:58:09.467 [info] Got 1 sessions for ...
2026-06-18 03:58:09.485 [info] Getting sessions for all scopes...
2026-06-18 03:58:09.485 [info] Got 1 sessions for ...
2026-06-18 04:00:29.142 [info] Getting sessions for all scopes...
2026-06-18 04:00:29.142 [info] Got 1 sessions for ...
2026-06-18 04:00:29.143 [info] Getting sessions for all scopes...
2026-06-18 04:00:29.143 [info] Got 1 sessions for ...
2026-06-18 04:02:04.855 [info] Getting sessions for all scopes...
2026-06-18 04:02:05.328 [info] Got 1 sessions for ...
2026-06-18 04:02:05.351 [info] Getting sessions for all scopes...
2026-06-18 04:02:05.351 [info] Got 1 sessions for ...
2026-06-18 04:02:20.052 [info] Getting sessions for all scopes...
2026-06-18 04:02:20.052 [info] Got 1 sessions for ...
2026-06-18 04:02:20.053 [info] Getting sessions for all scopes...
2026-06-18 04:02:20.053 [info] Got 1 sessions for ...
2026-06-18 04:04:52.508 [info] Getting sessions for all scopes...
2026-06-18 04:04:52.508 [info] Got 1 sessions for ...
2026-06-18 04:04:52.510 [info] Getting sessions for all scopes...
2026-06-18 04:04:52.510 [info] Got 1 sessions for ...
2026-06-18 04:04:54.365 [info] Getting sessions for all scopes...
2026-06-18 04:04:54.365 [info] Got 1 sessions for ...
2026-06-18 04:04:54.366 [info] Getting sessions for all scopes...
2026-06-18 04:04:54.366 [info] Got 1 sessions for ...
2026-06-18 04:05:33.759 [info] Reading sessions from keychain...
2026-06-18 04:05:33.759 [info] Got stored sessions!
2026-06-18 04:05:33.759 [info] Got 1 verified sessions.
2026-06-18 04:05:33.759 [info] Getting sessions for all scopes...
2026-06-18 04:05:33.759 [info] Got 1 sessions for ...
2026-06-18 04:05:33.759 [info] Getting sessions for all scopes...
2026-06-18 04:05:33.759 [info] Got 1 sessions for ...
2026-06-18 04:05:33.759 [info] Getting sessions for all scopes...
2026-06-18 04:05:33.759 [info] Got 1 sessions for ...
2026-06-18 04:05:33.759 [info] Getting sessions for all scopes...
2026-06-18 04:05:33.759 [info] Got 1 sessions for ...
2026-06-18 04:05:33.759 [info] Getting sessions for all scopes...
2026-06-18 04:05:33.759 [info] Got 1 sessions for ...
2026-06-18 04:05:33.759 [info] Getting sessions for all scopes...
2026-06-18 04:05:33.759 [info] Got 1 sessions for ...
2026-06-18 04:05:33.759 [info] Getting sessions for all scopes...
2026-06-18 04:05:33.759 [info] Got 1 sessions for ...
2026-06-18 04:05:33.759 [info] Getting sessions for all scopes...
2026-06-18 04:05:33.759 [info] Got 1 sessions for ...
2026-06-18 04:05:33.845 [info] Getting sessions for read:user,repo,user:email,workflow...
2026-06-18 04:05:33.846 [info] Got 1 sessions for read:user,repo,user:email,workflow...
2026-06-18 04:05:33.956 [info] Getting sessions for all scopes...
2026-06-18 04:05:33.956 [info] Got 1 sessions for ...
2026-06-18 04:05:33.983 [info] Getting sessions for read:user,repo,user:email,workflow...
2026-06-18 04:05:33.983 [info] Got 1 sessions for read:user,repo,user:email,workflow...
2026-06-18 04:05:41.352 [info] FetcherService: Electron fetch failed with status: 429 
2026-06-18 04:05:41.383 [info] Unable to resolve optional EDU details. Status: 429 
2026-06-18 04:05:41.639 [info] Getting sessions for all scopes...
2026-06-18 04:05:41.639 [info] Got 1 sessions for ...
2026-06-18 04:05:41.641 [info] Getting sessions for all scopes...
2026-06-18 04:05:41.641 [info] Got 1 sessions for ...
2026-06-18 04:05:41.880 [info] Getting sessions for read:user,repo,user:email,workflow...
2026-06-18 04:05:41.880 [info] Got 1 sessions for read:user,repo,user:email,workflow...
2026-06-18 04:05:42.632 [info] Getting sessions for all scopes...
2026-06-18 04:05:42.632 [info] Got 1 sessions for ...
2026-06-18 04:05:42.648 [info] Getting sessions for all scopes...
2026-06-18 04:05:42.649 [info] Got 1 sessions for ...
2026-06-18 04:05:42.649 [info] Getting sessions for all scopes...
2026-06-18 04:05:42.649 [info] Got 1 sessions for ...
2026-06-18 04:05:42.675 [info] Getting sessions for all scopes...
2026-06-18 04:05:42.675 [info] Got 1 sessions for ...
2026-06-18 04:05:42.816 [info] Getting sessions for read:user,repo,user:email,workflow...
2026-06-18 04:05:42.817 [info] Got 1 sessions for read:user,repo,user:email,workflow...
2026-06-18 04:05:49.950 [info] Getting sessions for all scopes...
2026-06-18 04:05:49.950 [info] Got 1 sessions for ...
2026-06-18 04:05:50.846 [info] Getting sessions for read:user,repo,user:email,workflow...
2026-06-18 04:05:50.846 [info] Got 1 sessions for read:user,repo,user:email,workflow...
2026-06-18 04:05:56.288 [info] Getting sessions for all scopes...
2026-06-18 04:05:56.288 [info] Got 1 sessions for ...
2026-06-18 04:05:56.304 [info] Getting sessions for read:user,repo,user:email,workflow...
2026-06-18 04:05:56.305 [info] Got 1 sessions for read:user,repo,user:email,workflow...
2026-06-18 04:05:57.830 [info] Getting sessions for all scopes...
2026-06-18 04:05:57.831 [info] Got 1 sessions for ...
2026-06-18 04:05:57.834 [info] Getting sessions for read:user,repo,user:email,workflow...
2026-06-18 04:05:57.835 [info] Got 1 sessions for read:user,repo,user:email,workflow...
2026-06-18 04:06:06.718 [info] Getting sessions for all scopes...
2026-06-18 04:06:06.718 [info] Got 1 sessions for ...
2026-06-18 04:06:06.721 [info] Getting sessions for all scopes...
2026-06-18 04:06:06.721 [info] Got 1 sessions for ...
2026-06-18 04:07:29.556 [info] Getting sessions for all scopes...
2026-06-18 04:07:29.618 [info] Got 1 sessions for ...
2026-06-18 04:07:30.179 [info] Getting sessions for all scopes...
2026-06-18 04:07:30.179 [info] Got 1 sessions for ...
2026-06-18 04:08:49.030 [info] Getting sessions for all scopes...
2026-06-18 04:08:49.030 [info] Got 1 sessions for ...
2026-06-18 04:08:49.387 [info] Getting sessions for all scopes...
2026-06-18 04:08:49.538 [info] Got 1 sessions for ...
2026-06-18 04:10:49.922 [info] Getting sessions for all scopes...
2026-06-18 04:10:49.928 [info] Got 1 sessions for ...
2026-06-18 04:10:51.814 [info] Getting sessions for all scopes...
2026-06-18 04:10:51.815 [info] Got 1 sessions for ...
2026-06-18 04:15:29.411 [info] Getting sessions for all scopes...
2026-06-18 04:15:29.421 [info] Got 1 sessions for ...
2026-06-18 04:15:29.469 [info] Getting sessions for all scopes...
2026-06-18 04:15:29.469 [info] Got 1 sessions for ...
2026-06-18 04:15:32.612 [info] Getting sessions for all scopes...
2026-06-18 04:15:32.612 [info] Got 1 sessions for ...
2026-06-18 04:15:32.639 [info] Getting sessions for all scopes...
2026-06-18 04:15:32.639 [info] Got 1 sessions for ...
