2026-06-18 04:16:13.759 [info] Reading sessions from keychain...
2026-06-18 04:16:13.759 [info] Getting sessions for all scopes...
2026-06-18 04:16:14.004 [info] Got stored sessions!
2026-06-18 04:16:14.004 [info] Got 1 verified sessions.
2026-06-18 04:16:14.008 [info] Got 1 sessions for ...
2026-06-18 04:16:14.008 [info] Getting sessions for all scopes...
2026-06-18 04:16:14.008 [info] Got 1 sessions for ...
2026-06-18 04:16:14.078 [info] Getting sessions for all scopes...
2026-06-18 04:16:14.078 [info] Got 1 sessions for ...
2026-06-18 04:16:14.803 [info] Getting sessions for all scopes...
2026-06-18 04:16:14.803 [info] Got 1 sessions for ...
2026-06-18 04:16:20.370 [info] Getting sessions for all scopes...
2026-06-18 04:16:20.370 [info] Got 1 sessions for ...
2026-06-18 04:16:20.997 [info] FetcherService: Electron fetch failed with status: 429 
2026-06-18 04:16:21.022 [info] Unable to resolve optional EDU details. Status: 429 
2026-06-18 04:16:21.162 [info] Getting sessions for all scopes...
2026-06-18 04:16:21.162 [info] Got 1 sessions for ...
2026-06-18 04:16:21.163 [info] Getting sessions for all scopes...
2026-06-18 04:16:21.163 [info] Got 1 sessions for ...
2026-06-18 04:16:21.334 [info] Getting sessions for read:user,repo,user:email,workflow...
2026-06-18 04:16:21.335 [info] Got 1 sessions for read:user,repo,user:email,workflow...
2026-06-18 04:16:21.389 [info] Getting sessions for all scopes...
2026-06-18 04:16:21.389 [info] Got 1 sessions for ...
2026-06-18 04:16:21.393 [info] Getting sessions for read:user,repo,user:email,workflow...
2026-06-18 04:16:21.393 [info] Got 1 sessions for read:user,repo,user:email,workflow...
2026-06-18 04:16:24.343 [info] Getting sessions for all scopes...
2026-06-18 04:16:24.343 [info] Got 1 sessions for ...
2026-06-18 04:16:24.359 [info] Getting sessions for all scopes...
2026-06-18 04:16:24.359 [info] Got 1 sessions for ...
2026-06-18 04:16:27.264 [info] Getting sessions for read:user,repo,user:email,workflow...
2026-06-18 04:16:27.264 [info] Got 1 sessions for read:user,repo,user:email,workflow...
2026-06-18 04:16:27.658 [info] Getting sessions for all scopes...
2026-06-18 04:16:27.658 [info] Got 1 sessions for ...
2026-06-18 04:16:27.665 [info] Getting sessions for all scopes...
2026-06-18 04:16:27.665 [info] Got 1 sessions for ...
2026-06-18 04:16:27.669 [info] Getting sessions for all scopes...
2026-06-18 04:16:27.669 [info] Got 1 sessions for ...
2026-06-18 04:16:27.676 [info] Getting sessions for all scopes...
2026-06-18 04:16:27.676 [info] Got 1 sessions for ...
2026-06-18 04:16:27.683 [info] Getting sessions for read:user,repo,user:email,workflow...
2026-06-18 04:16:27.684 [info] Got 1 sessions for read:user,repo,user:email,workflow...
2026-06-18 04:16:28.042 [info] Getting sessions for all scopes...
2026-06-18 04:16:28.042 [info] Got 1 sessions for ...
2026-06-18 04:16:28.051 [info] Getting sessions for read:user,repo,user:email,workflow...
2026-06-18 04:16:28.051 [info] Got 1 sessions for read:user,repo,user:email,workflow...
2026-06-18 04:16:28.717 [info] Getting sessions for all scopes...
2026-06-18 04:16:28.717 [info] Got 1 sessions for ...
2026-06-18 04:16:28.718 [info] Getting sessions for read:user,repo,user:email,workflow...
2026-06-18 04:16:28.718 [info] Got 1 sessions for read:user,repo,user:email,workflow...
2026-06-18 04:16:29.443 [info] Getting sessions for all scopes...
2026-06-18 04:16:29.443 [info] Got 1 sessions for ...
2026-06-18 04:16:29.445 [info] Getting sessions for read:user,repo,user:email,workflow...
2026-06-18 04:16:29.445 [info] Got 1 sessions for read:user,repo,user:email,workflow...
2026-06-18 04:16:30.040 [info] Getting sessions for read:user,repo,user:email,workflow...
2026-06-18 04:16:30.040 [info] Got 1 sessions for read:user,repo,user:email,workflow...
2026-06-18 04:16:30.474 [info] Getting sessions for all scopes...
2026-06-18 04:16:30.474 [info] Got 1 sessions for ...
2026-06-18 04:16:30.496 [info] Getting sessions for read:user,repo,user:email,workflow...
2026-06-18 04:16:30.496 [info] Got 1 sessions for read:user,repo,user:email,workflow...
2026-06-18 04:16:31.972 [info] Getting sessions for all scopes...
2026-06-18 04:16:31.972 [info] Got 1 sessions for ...
2026-06-18 04:16:32.335 [info] Getting sessions for all scopes...
2026-06-18 04:16:32.335 [info] Got 1 sessions for ...
2026-06-18 04:16:32.349 [info] Getting sessions for read:user,repo,user:email,workflow...
2026-06-18 04:16:32.349 [info] Got 1 sessions for read:user,repo,user:email,workflow...
2026-06-18 04:16:34.581 [info] Getting sessions for all scopes...
2026-06-18 04:16:34.581 [info] Got 1 sessions for ...
2026-06-18 04:16:34.581 [info] Getting sessions for all scopes...
2026-06-18 04:16:34.581 [info] Got 1 sessions for ...
2026-06-18 04:16:34.584 [info] Getting sessions for read:user,repo,user:email,workflow...
2026-06-18 04:16:34.585 [info] Got 1 sessions for read:user,repo,user:email,workflow...
2026-06-18 04:16:38.150 [info] Getting sessions for all scopes...
2026-06-18 04:16:38.150 [info] Got 1 sessions for ...
2026-06-18 04:16:38.155 [info] Getting sessions for all scopes...
2026-06-18 04:16:38.155 [info] Got 1 sessions for ...
2026-06-18 04:16:40.209 [info] Getting sessions for all scopes...
2026-06-18 04:16:40.209 [info] Got 1 sessions for ...
2026-06-18 04:16:40.214 [info] Getting sessions for all scopes...
2026-06-18 04:16:40.214 [info] Got 1 sessions for ...
2026-06-18 04:16:47.781 [info] Getting sessions for all scopes...
2026-06-18 04:16:47.781 [info] Got 1 sessions for ...
2026-06-18 04:16:47.783 [info] Getting sessions for all scopes...
2026-06-18 04:16:47.783 [info] Got 1 sessions for ...
2026-06-18 04:16:51.909 [info] Getting sessions for all scopes...
2026-06-18 04:16:51.909 [info] Got 1 sessions for ...
2026-06-18 04:16:51.911 [info] Getting sessions for all scopes...
2026-06-18 04:16:51.911 [info] Got 1 sessions for ...
2026-06-18 04:20:33.009 [info] Getting sessions for all scopes...
2026-06-18 04:20:33.091 [info] Got 1 sessions for ...
2026-06-18 04:20:33.093 [info] Getting sessions for all scopes...
2026-06-18 04:20:33.093 [info] Got 1 sessions for ...
2026-06-18 04:51:48.525 [info] Getting sessions for all scopes...
2026-06-18 04:51:48.527 [info] Got 1 sessions for ...
2026-06-18 04:51:48.528 [info] Getting sessions for all scopes...
2026-06-18 04:51:48.528 [info] Got 1 sessions for ...
2026-06-18 04:57:56.530 [info] Getting sessions for all scopes...
2026-06-18 04:57:56.531 [info] Got 1 sessions for ...
2026-06-18 04:57:56.534 [info] Getting sessions for all scopes...
2026-06-18 04:57:56.534 [info] Got 1 sessions for ...
2026-06-18 05:11:27.638 [info] Getting sessions for all scopes...
2026-06-18 05:11:27.639 [info] Got 1 sessions for ...
2026-06-18 05:11:27.645 [info] Getting sessions for read:user,repo,user:email,workflow...
2026-06-18 05:11:27.645 [info] Got 1 sessions for read:user,repo,user:email,workflow...
2026-06-18 05:11:28.937 [info] Getting sessions for all scopes...
2026-06-18 05:11:28.937 [info] Got 1 sessions for ...
2026-06-18 05:11:28.944 [info] Getting sessions for all scopes...
2026-06-18 05:11:28.944 [info] Got 1 sessions for ...
2026-06-18 05:11:29.006 [info] Getting sessions for read:user,repo,user:email,workflow...
2026-06-18 05:11:29.006 [info] Got 1 sessions for read:user,repo,user:email,workflow...
2026-06-18 05:11:29.281 [info] Getting sessions for all scopes...
2026-06-18 05:11:29.281 [info] Got 1 sessions for ...
2026-06-18 05:11:29.300 [info] Getting sessions for all scopes...
2026-06-18 05:11:29.300 [info] Got 1 sessions for ...
2026-06-18 05:11:29.662 [info] Getting sessions for read:user,repo,user:email,workflow...
2026-06-18 05:11:29.662 [info] Got 1 sessions for read:user,repo,user:email,workflow...
2026-06-18 05:18:11.027 [info] Getting sessions for all scopes...
2026-06-18 05:18:11.033 [info] Got 1 sessions for ...
2026-06-18 05:18:11.036 [info] Getting sessions for all scopes...
2026-06-18 05:18:11.036 [info] Got 1 sessions for ...
2026-06-18 05:19:42.839 [info] Getting sessions for all scopes...
2026-06-18 05:19:42.846 [info] Got 1 sessions for ...
2026-06-18 05:19:42.849 [info] Getting sessions for all scopes...
2026-06-18 05:19:42.850 [info] Got 1 sessions for ...
